<?xml version="1.0" encoding="UTF-8"?>
<!-- Generated by org.testng.reporters.JUnitReportReporter -->
<testsuite skipped="0" hostname="LAPTOP-T074P4I1" name="scripts.p2" tests="1" failures="0" timestamp="2023-01-10T08:29:53 IST" time="21.649" errors="0">
  <testcase name="addUserscript" time="21.649" classname="scripts.p2"/>
  <system-out/>
</testsuite> <!-- scripts.p2 -->
